[debug] [2019-01-29T20:56:49.179Z] ----------------------------------------------------------------------
[debug] [2019-01-29T20:56:49.181Z] Command:       /usr/local/Cellar/node/10.6.0/bin/node /usr/local/bin/firebase init
[debug] [2019-01-29T20:56:49.182Z] CLI Version:   6.3.0
[debug] [2019-01-29T20:56:49.182Z] Platform:      darwin
[debug] [2019-01-29T20:56:49.182Z] Node Version:  v10.6.0
[debug] [2019-01-29T20:56:49.183Z] Time:          Tue Jan 29 2019 13:56:49 GMT-0700 (Mountain Standard Time)
[debug] [2019-01-29T20:56:49.183Z] ----------------------------------------------------------------------
[debug]
[debug] [2019-01-29T20:56:49.195Z] > command requires scopes: ["email","openid","https://www.googleapis.com/auth/cloudplatformprojects.readonly","https://www.googleapis.com/auth/firebase","https://www.googleapis.com/auth/cloud-platform"]
[debug] [2019-01-29T20:56:49.195Z] > authorizing via signed-in user
[info]
     ######## #### ########  ######## ########     ###     ######  ########
     ##        ##  ##     ## ##       ##     ##  ##   ##  ##       ##
     ######    ##  ########  ######   ########  #########  ######  ######
     ##        ##  ##    ##  ##       ##     ## ##     ##       ## ##
     ##       #### ##     ## ######## ########  ##     ##  ######  ########

You're about to initialize a Firebase project in this directory:

  /Users/robomind/CodePlaygrounds/wjp_portfolio/wjp_portfolio

[info]
=== Project Setup
[info]
[info] First, let's associate this project directory with a Firebase project.
[info] You can create multiple project aliases by running firebase use --add,
[info] but for now we'll just set up a default project.
[info]
[debug] [2019-01-29T21:01:04.548Z] >>> HTTP REQUEST GET https://firebase.googleapis.com/v1beta1/projects?page_size=100

[debug] [2019-01-29T21:01:04.947Z] <<< HTTP RESPONSE 200
[info]
=== Hosting Setup
[info]
[info] Your public directory is the folder (relative to your project directory) that
[info] will contain Hosting assets to be uploaded with firebase deploy. If you
[info] have a build process for your assets, use your build's output directory.
[info]
[info] ✔  Wrote public/404.html
[debug] [2019-01-29T21:02:32.697Z] >>> HTTP REQUEST GET https://www.gstatic.com/firebasejs/releases.json

[debug] [2019-01-29T21:02:32.989Z] <<< HTTP RESPONSE 200
